This is pdfTeX, Version 3.141592653-2.6-1.40.24 (MiKTeX 22.3) (preloaded format=pdflatex 2022.3.23)  20 MAY 2022 15:38
entering extended mode
 restricted \write18 enabled.
 file:line:error style messages enabled.
 %&-line parsing enabled.
**d:/aincrivelfabrica/git/theory/electronics/radiofrequency/latex/matching/article.tex
(d:/aincrivelfabrica/git/theory/electronics/radiofrequency/latex/matching/article.tex
LaTeX2e <2021-11-15> patch level 1
L3 programming layer <2022-02-24> (C:\Users\johnm\AppData\Local\Programs\MiKTeX\tex/latex/base\article.cls
Document Class: article 2021/10/04 v1.4n Standard LaTeX document class
(C:\Users\johnm\AppData\Local\Programs\MiKTeX\tex/latex/base\size12.clo
File: size12.clo 2021/10/04 v1.4n Standard LaTeX file (size option)
)
\c@part=\count185
\c@section=\count186
\c@subsection=\count187
\c@subsubsection=\count188
\c@paragraph=\count189
\c@subparagraph=\count190
\c@figure=\count191
\c@table=\count192
\abovecaptionskip=\skip47
\belowcaptionskip=\skip48
\bibindent=\dimen138
) (C:\Users\johnm\AppData\Local\Programs\MiKTeX\tex/latex/geometry\geometry.sty
Package: geometry 2020/01/02 v5.9 Page Geometry
 (C:\Users\johnm\AppData\Local\Programs\MiKTeX\tex/latex/graphics\keyval.sty
Package: keyval 2014/10/28 v1.15 key=value parser (DPC)
\KV@toks@=\toks16
) (C:\Users\johnm\AppData\Local\Programs\MiKTeX\tex/generic/iftex\ifvtex.sty
Package: ifvtex 2019/10/25 v1.7 ifvtex legacy package. Use iftex instead.
 (C:\Users\johnm\AppData\Local\Programs\MiKTeX\tex/generic/iftex\iftex.sty
Package: iftex 2022/02/03 v1.0f TeX engine tests
))
\Gm@cnth=\count193
\Gm@cntv=\count194
\c@Gm@tempcnt=\count195
\Gm@bindingoffset=\dimen139
\Gm@wd@mp=\dimen140
\Gm@odd@mp=\dimen141
\Gm@even@mp=\dimen142
\Gm@layoutwidth=\dimen143
\Gm@layoutheight=\dimen144
\Gm@layouthoffset=\dimen145
\Gm@layoutvoffset=\dimen146
\Gm@dimlist=\toks17
 (C:\Users\johnm\AppData\Local\Programs\MiKTeX\tex/latex/geometry\geometry.cfg)) (C:\Users\johnm\AppData\Local\Programs\MiKTeX\tex/generic/babel\babel.sty
Package: babel 2022/02/26 3.73 The Babel package
\babel@savecnt=\count196
\U@D=\dimen147
\l@unhyphenated=\language79
 (C:\Users\johnm\AppData\Local\Programs\MiKTeX\tex/generic/babel\txtbabel.def)
\bbl@readstream=\read2
\bbl@dirlevel=\count197

*************************************
* Local config file bblopts.cfg used
*
(C:\Users\johnm\AppData\Local\Programs\MiKTeX\tex/latex/arabi\bblopts.cfg
File: bblopts.cfg 2005/09/08 v0.1 add Arabic and Farsi to "declared" options of babel
) (C:\Users\johnm\AppData\Local\Programs\MiKTeX\tex/latex/babel-portuges\portuguese.ldf
Language: portuges 2021/07/09 v1.2t Portuguese support from the babel system
Package babel Info: Making " an active character on input line 143.
)) (C:\Users\johnm\AppData\Local\Programs\MiKTeX\tex/latex/tools\indentfirst.sty
Package: indentfirst 1995/11/23 v1.03 Indent first paragraph (DPC)
) (C:\Users\johnm\AppData\Local\Programs\MiKTeX\tex/latex/titlesec\titlesec.sty
Package: titlesec 2021/07/05 v2.14 Sectioning titles
\ttl@box=\box50
\beforetitleunit=\skip49
\aftertitleunit=\skip50
\ttl@plus=\dimen148
\ttl@minus=\dimen149
\ttl@toksa=\toks18
\titlewidth=\dimen150
\titlewidthlast=\dimen151
\titlewidthfirst=\dimen152
) (C:\Users\johnm\AppData\Local\Programs\MiKTeX\tex/latex/float\float.sty
Package: float 2001/11/08 v1.3d Float enhancements (AL)
\c@float@type=\count198
\float@exts=\toks19
\float@box=\box51
\@float@everytoks=\toks20
\@floatcapt=\box52
) (C:\Users\johnm\AppData\Local\Programs\MiKTeX\tex/latex/graphics\graphicx.sty
Package: graphicx 2021/09/16 v1.2d Enhanced LaTeX Graphics (DPC,SPQR)
 (C:\Users\johnm\AppData\Local\Programs\MiKTeX\tex/latex/graphics\graphics.sty
Package: graphics 2021/03/04 v1.4d Standard LaTeX Graphics (DPC,SPQR)
 (C:\Users\johnm\AppData\Local\Programs\MiKTeX\tex/latex/graphics\trig.sty
Package: trig 2021/08/11 v1.11 sin cos tan (DPC)
) (C:\Users\johnm\AppData\Local\Programs\MiKTeX\tex/latex/graphics-cfg\graphics.cfg
File: graphics.cfg 2016/06/04 v1.11 sample graphics configuration
)
Package graphics Info: Driver file: pdftex.def on input line 107.
 (C:\Users\johnm\AppData\Local\Programs\MiKTeX\tex/latex/graphics-def\pdftex.def
File: pdftex.def 2020/10/05 v1.2a Graphics/color driver for pdftex
))
\Gin@req@height=\dimen153
\Gin@req@width=\dimen154
) (C:\Users\johnm\AppData\Local\Programs\MiKTeX\tex/latex/amsmath\amsmath.sty
Package: amsmath 2021/10/15 v2.17l AMS math features
\@mathmargin=\skip51

For additional information on amsmath, use the `?' option.
(C:\Users\johnm\AppData\Local\Programs\MiKTeX\tex/latex/amsmath\amstext.sty
Package: amstext 2021/08/26 v2.01 AMS text
 (C:\Users\johnm\AppData\Local\Programs\MiKTeX\tex/latex/amsmath\amsgen.sty
File: amsgen.sty 1999/11/30 v2.0 generic functions
\@emptytoks=\toks21
\ex@=\dimen155
)) (C:\Users\johnm\AppData\Local\Programs\MiKTeX\tex/latex/amsmath\amsbsy.sty
Package: amsbsy 1999/11/29 v1.2d Bold Symbols
\pmbraise@=\dimen156
) (C:\Users\johnm\AppData\Local\Programs\MiKTeX\tex/latex/amsmath\amsopn.sty
Package: amsopn 2021/08/26 v2.02 operator names
)
\inf@bad=\count199
LaTeX Info: Redefining \frac on input line 234.
\uproot@=\count266
\leftroot@=\count267
LaTeX Info: Redefining \overline on input line 399.
\classnum@=\count268
\DOTSCASE@=\count269
LaTeX Info: Redefining \ldots on input line 496.
LaTeX Info: Redefining \dots on input line 499.
LaTeX Info: Redefining \cdots on input line 620.
\Mathstrutbox@=\box53
\strutbox@=\box54
\big@size=\dimen157
LaTeX Font Info:    Redeclaring font encoding OML on input line 743.
LaTeX Font Info:    Redeclaring font encoding OMS on input line 744.
\macc@depth=\count270
\c@MaxMatrixCols=\count271
\dotsspace@=\muskip16
\c@parentequation=\count272
\dspbrk@lvl=\count273
\tag@help=\toks22
\row@=\count274
\column@=\count275
\maxfields@=\count276
\andhelp@=\toks23
\eqnshift@=\dimen158
\alignsep@=\dimen159
\tagshift@=\dimen160
\tagwidth@=\dimen161
\totwidth@=\dimen162
\lineht@=\dimen163
\@envbody=\toks24
\multlinegap=\skip52
\multlinetaggap=\skip53
\mathdisplay@stack=\toks25
LaTeX Info: Redefining \[ on input line 2938.
LaTeX Info: Redefining \] on input line 2939.
) (C:\Users\johnm\AppData\Local\Programs\MiKTeX\tex/latex/footmisc\footmisc.sty
Package: footmisc 2022/03/08 v6.0d a miscellany of footnote facilities
\FN@temptoken=\toks26
\footnotemargin=\dimen164
\@outputbox@depth=\dimen165
Package footmisc Info: Declaring symbol style bringhurst on input line 695.
Package footmisc Info: Declaring symbol style chicago on input line 703.
Package footmisc Info: Declaring symbol style wiley on input line 712.
Package footmisc Info: Declaring symbol style lamport-robust on input line 723.
Package footmisc Info: Declaring symbol style lamport* on input line 743.
Package footmisc Info: Declaring symbol style lamport*-robust on input line 764.
) (C:\Users\johnm\AppData\Local\Programs\MiKTeX\tex/latex/caption\caption.sty
Package: caption 2022/02/28 v3.6a Customizing captions (AR)
 (C:\Users\johnm\AppData\Local\Programs\MiKTeX\tex/latex/caption\caption3.sty
Package: caption3 2022/02/28 v2.3a caption3 kernel (AR)
\caption@tempdima=\dimen166
\captionmargin=\dimen167
\caption@leftmargin=\dimen168
\caption@rightmargin=\dimen169
\caption@width=\dimen170
\caption@indent=\dimen171
\caption@parindent=\dimen172
\caption@hangindent=\dimen173
Package caption Info: Standard document class detected.
)
\c@caption@flags=\count277
\c@continuedfloat=\count278
Package caption Info: float package is loaded.
) (C:\Users\johnm\AppData\Local\Programs\MiKTeX\tex/latex/pgf/frontendlayer\tikz.sty (C:\Users\johnm\AppData\Local\Programs\MiKTeX\tex/latex/pgf/basiclayer\pgf.sty (C:\Users\johnm\AppData\Local\Programs\MiKTeX\tex/latex/pgf/utilities\pgfrcs.sty (C:\Users\johnm\AppData\Local\Programs\MiKTeX\tex/generic/pgf/utilities\pgfutil-common.tex
\pgfutil@everybye=\toks27
\pgfutil@tempdima=\dimen174
\pgfutil@tempdimb=\dimen175
 (C:\Users\johnm\AppData\Local\Programs\MiKTeX\tex/generic/pgf/utilities\pgfutil-common-lists.tex)) (C:\Users\johnm\AppData\Local\Programs\MiKTeX\tex/generic/pgf/utilities\pgfutil-latex.def
\pgfutil@abb=\box55
) (C:\Users\johnm\AppData\Local\Programs\MiKTeX\tex/generic/pgf/utilities\pgfrcs.code.tex (C:\Users\johnm\AppData\Local\Programs\MiKTeX\tex/generic/pgf\pgf.revision.tex)
Package: pgfrcs 2021/05/15 v3.1.9a (3.1.9a)
))
Package: pgf 2021/05/15 v3.1.9a (3.1.9a)
 (C:\Users\johnm\AppData\Local\Programs\MiKTeX\tex/latex/pgf/basiclayer\pgfcore.sty (C:\Users\johnm\AppData\Local\Programs\MiKTeX\tex/latex/pgf/systemlayer\pgfsys.sty (C:\Users\johnm\AppData\Local\Programs\MiKTeX\tex/generic/pgf/systemlayer\pgfsys.code.tex
Package: pgfsys 2021/05/15 v3.1.9a (3.1.9a)
 (C:\Users\johnm\AppData\Local\Programs\MiKTeX\tex/generic/pgf/utilities\pgfkeys.code.tex
\pgfkeys@pathtoks=\toks28
\pgfkeys@temptoks=\toks29
 (C:\Users\johnm\AppData\Local\Programs\MiKTeX\tex/generic/pgf/utilities\pgfkeysfiltered.code.tex
\pgfkeys@tmptoks=\toks30
))
\pgf@x=\dimen176
\pgf@y=\dimen177
\pgf@xa=\dimen178
\pgf@ya=\dimen179
\pgf@xb=\dimen180
\pgf@yb=\dimen181
\pgf@xc=\dimen182
\pgf@yc=\dimen183
\pgf@xd=\dimen184
\pgf@yd=\dimen185
\w@pgf@writea=\write3
\r@pgf@reada=\read3
\c@pgf@counta=\count279
\c@pgf@countb=\count280
\c@pgf@countc=\count281
\c@pgf@countd=\count282
\t@pgf@toka=\toks31
\t@pgf@tokb=\toks32
\t@pgf@tokc=\toks33
\pgf@sys@id@count=\count283
 (C:\Users\johnm\AppData\Local\Programs\MiKTeX\tex/generic/pgf/systemlayer\pgf.cfg
File: pgf.cfg 2021/05/15 v3.1.9a (3.1.9a)
)
Driver file for pgf: pgfsys-pdftex.def
 (C:\Users\johnm\AppData\Local\Programs\MiKTeX\tex/generic/pgf/systemlayer\pgfsys-pdftex.def
File: pgfsys-pdftex.def 2021/05/15 v3.1.9a (3.1.9a)
 (C:\Users\johnm\AppData\Local\Programs\MiKTeX\tex/generic/pgf/systemlayer\pgfsys-common-pdf.def
File: pgfsys-common-pdf.def 2021/05/15 v3.1.9a (3.1.9a)
))) (C:\Users\johnm\AppData\Local\Programs\MiKTeX\tex/generic/pgf/systemlayer\pgfsyssoftpath.code.tex
File: pgfsyssoftpath.code.tex 2021/05/15 v3.1.9a (3.1.9a)
\pgfsyssoftpath@smallbuffer@items=\count284
\pgfsyssoftpath@bigbuffer@items=\count285
) (C:\Users\johnm\AppData\Local\Programs\MiKTeX\tex/generic/pgf/systemlayer\pgfsysprotocol.code.tex
File: pgfsysprotocol.code.tex 2021/05/15 v3.1.9a (3.1.9a)
)) (C:\Users\johnm\AppData\Local\Programs\MiKTeX\tex/latex/xcolor\xcolor.sty
Package: xcolor 2021/10/31 v2.13 LaTeX color extensions (UK)
 (C:\Users\johnm\AppData\Local\Programs\MiKTeX\tex/latex/graphics-cfg\color.cfg
File: color.cfg 2016/01/02 v1.6 sample color configuration
)
Package xcolor Info: Driver file: pdftex.def on input line 227.
Package xcolor Info: Model `cmy' substituted by `cmy0' on input line 1352.
Package xcolor Info: Model `hsb' substituted by `rgb' on input line 1356.
Package xcolor Info: Model `RGB' extended on input line 1368.
Package xcolor Info: Model `HTML' substituted by `rgb' on input line 1370.
Package xcolor Info: Model `Hsb' substituted by `hsb' on input line 1371.
Package xcolor Info: Model `tHsb' substituted by `hsb' on input line 1372.
Package xcolor Info: Model `HSB' substituted by `hsb' on input line 1373.
Package xcolor Info: Model `Gray' substituted by `gray' on input line 1374.
Package xcolor Info: Model `wave' substituted by `hsb' on input line 1375.
) (C:\Users\johnm\AppData\Local\Programs\MiKTeX\tex/generic/pgf/basiclayer\pgfcore.code.tex
Package: pgfcore 2021/05/15 v3.1.9a (3.1.9a)
 (C:\Users\johnm\AppData\Local\Programs\MiKTeX\tex/generic/pgf/math\pgfmath.code.tex (C:\Users\johnm\AppData\Local\Programs\MiKTeX\tex/generic/pgf/math\pgfmathcalc.code.tex (C:\Users\johnm\AppData\Local\Programs\MiKTeX\tex/generic/pgf/math\pgfmathutil.code.tex) (C:\Users\johnm\AppData\Local\Programs\MiKTeX\tex/generic/pgf/math\pgfmathparser.code.tex
\pgfmath@dimen=\dimen186
\pgfmath@count=\count286
\pgfmath@box=\box56
\pgfmath@toks=\toks34
\pgfmath@stack@operand=\toks35
\pgfmath@stack@operation=\toks36
) (C:\Users\johnm\AppData\Local\Programs\MiKTeX\tex/generic/pgf/math\pgfmathfunctions.code.tex (C:\Users\johnm\AppData\Local\Programs\MiKTeX\tex/generic/pgf/math\pgfmathfunctions.basic.code.tex) (C:\Users\johnm\AppData\Local\Programs\MiKTeX\tex/generic/pgf/math\pgfmathfunctions.trigonometric.code.tex) (C:\Users\johnm\AppData\Local\Programs\MiKTeX\tex/generic/pgf/math\pgfmathfunctions.random.code.tex) (C:\Users\johnm\AppData\Local\Programs\MiKTeX\tex/generic/pgf/math\pgfmathfunctions.comparison.code.tex) (C:\Users\johnm\AppData\Local\Programs\MiKTeX\tex/generic/pgf/math\pgfmathfunctions.base.code.tex) (C:\Users\johnm\AppData\Local\Programs\MiKTeX\tex/generic/pgf/math\pgfmathfunctions.round.code.tex) (C:\Users\johnm\AppData\Local\Programs\MiKTeX\tex/generic/pgf/math\pgfmathfunctions.misc.code.tex) (C:\Users\johnm\AppData\Local\Programs\MiKTeX\tex/generic/pgf/math\pgfmathfunctions.integerarithmetics.code.tex))) (C:\Users\johnm\AppData\Local\Programs\MiKTeX\tex/generic/pgf/math\pgfmathfloat.code.tex
\c@pgfmathroundto@lastzeros=\count287
)) (C:\Users\johnm\AppData\Local\Programs\MiKTeX\tex/generic/pgf/math\pgfint.code.tex) (C:\Users\johnm\AppData\Local\Programs\MiKTeX\tex/generic/pgf/basiclayer\pgfcorepoints.code.tex
File: pgfcorepoints.code.tex 2021/05/15 v3.1.9a (3.1.9a)
\pgf@picminx=\dimen187
\pgf@picmaxx=\dimen188
\pgf@picminy=\dimen189
\pgf@picmaxy=\dimen190
\pgf@pathminx=\dimen191
\pgf@pathmaxx=\dimen192
\pgf@pathminy=\dimen193
\pgf@pathmaxy=\dimen194
\pgf@xx=\dimen195
\pgf@xy=\dimen196
\pgf@yx=\dimen197
\pgf@yy=\dimen198
\pgf@zx=\dimen199
\pgf@zy=\dimen256
) (C:\Users\johnm\AppData\Local\Programs\MiKTeX\tex/generic/pgf/basiclayer\pgfcorepathconstruct.code.tex
File: pgfcorepathconstruct.code.tex 2021/05/15 v3.1.9a (3.1.9a)
\pgf@path@lastx=\dimen257
\pgf@path@lasty=\dimen258
) (C:\Users\johnm\AppData\Local\Programs\MiKTeX\tex/generic/pgf/basiclayer\pgfcorepathusage.code.tex
File: pgfcorepathusage.code.tex 2021/05/15 v3.1.9a (3.1.9a)
\pgf@shorten@end@additional=\dimen259
\pgf@shorten@start@additional=\dimen260
) (C:\Users\johnm\AppData\Local\Programs\MiKTeX\tex/generic/pgf/basiclayer\pgfcorescopes.code.tex
File: pgfcorescopes.code.tex 2021/05/15 v3.1.9a (3.1.9a)
\pgfpic=\box57
\pgf@hbox=\box58
\pgf@layerbox@main=\box59
\pgf@picture@serial@count=\count288
) (C:\Users\johnm\AppData\Local\Programs\MiKTeX\tex/generic/pgf/basiclayer\pgfcoregraphicstate.code.tex
File: pgfcoregraphicstate.code.tex 2021/05/15 v3.1.9a (3.1.9a)
\pgflinewidth=\dimen261
) (C:\Users\johnm\AppData\Local\Programs\MiKTeX\tex/generic/pgf/basiclayer\pgfcoretransformations.code.tex
File: pgfcoretransformations.code.tex 2021/05/15 v3.1.9a (3.1.9a)
\pgf@pt@x=\dimen262
\pgf@pt@y=\dimen263
\pgf@pt@temp=\dimen264
) (C:\Users\johnm\AppData\Local\Programs\MiKTeX\tex/generic/pgf/basiclayer\pgfcorequick.code.tex
File: pgfcorequick.code.tex 2021/05/15 v3.1.9a (3.1.9a)
) (C:\Users\johnm\AppData\Local\Programs\MiKTeX\tex/generic/pgf/basiclayer\pgfcoreobjects.code.tex
File: pgfcoreobjects.code.tex 2021/05/15 v3.1.9a (3.1.9a)
) (C:\Users\johnm\AppData\Local\Programs\MiKTeX\tex/generic/pgf/basiclayer\pgfcorepathprocessing.code.tex
File: pgfcorepathprocessing.code.tex 2021/05/15 v3.1.9a (3.1.9a)
) (C:\Users\johnm\AppData\Local\Programs\MiKTeX\tex/generic/pgf/basiclayer\pgfcorearrows.code.tex
File: pgfcorearrows.code.tex 2021/05/15 v3.1.9a (3.1.9a)
\pgfarrowsep=\dimen265
) (C:\Users\johnm\AppData\Local\Programs\MiKTeX\tex/generic/pgf/basiclayer\pgfcoreshade.code.tex
File: pgfcoreshade.code.tex 2021/05/15 v3.1.9a (3.1.9a)
\pgf@max=\dimen266
\pgf@sys@shading@range@num=\count289
\pgf@shadingcount=\count290
) (C:\Users\johnm\AppData\Local\Programs\MiKTeX\tex/generic/pgf/basiclayer\pgfcoreimage.code.tex
File: pgfcoreimage.code.tex 2021/05/15 v3.1.9a (3.1.9a)
 (C:\Users\johnm\AppData\Local\Programs\MiKTeX\tex/generic/pgf/basiclayer\pgfcoreexternal.code.tex
File: pgfcoreexternal.code.tex 2021/05/15 v3.1.9a (3.1.9a)
\pgfexternal@startupbox=\box60
)) (C:\Users\johnm\AppData\Local\Programs\MiKTeX\tex/generic/pgf/basiclayer\pgfcorelayers.code.tex
File: pgfcorelayers.code.tex 2021/05/15 v3.1.9a (3.1.9a)
) (C:\Users\johnm\AppData\Local\Programs\MiKTeX\tex/generic/pgf/basiclayer\pgfcoretransparency.code.tex
File: pgfcoretransparency.code.tex 2021/05/15 v3.1.9a (3.1.9a)
) (C:\Users\johnm\AppData\Local\Programs\MiKTeX\tex/generic/pgf/basiclayer\pgfcorepatterns.code.tex
File: pgfcorepatterns.code.tex 2021/05/15 v3.1.9a (3.1.9a)
) (C:\Users\johnm\AppData\Local\Programs\MiKTeX\tex/generic/pgf/basiclayer\pgfcorerdf.code.tex
File: pgfcorerdf.code.tex 2021/05/15 v3.1.9a (3.1.9a)
))) (C:\Users\johnm\AppData\Local\Programs\MiKTeX\tex/generic/pgf/modules\pgfmoduleshapes.code.tex
File: pgfmoduleshapes.code.tex 2021/05/15 v3.1.9a (3.1.9a)
\pgfnodeparttextbox=\box61
) (C:\Users\johnm\AppData\Local\Programs\MiKTeX\tex/generic/pgf/modules\pgfmoduleplot.code.tex
File: pgfmoduleplot.code.tex 2021/05/15 v3.1.9a (3.1.9a)
) (C:\Users\johnm\AppData\Local\Programs\MiKTeX\tex/latex/pgf/compatibility\pgfcomp-version-0-65.sty
Package: pgfcomp-version-0-65 2021/05/15 v3.1.9a (3.1.9a)
\pgf@nodesepstart=\dimen267
\pgf@nodesepend=\dimen268
) (C:\Users\johnm\AppData\Local\Programs\MiKTeX\tex/latex/pgf/compatibility\pgfcomp-version-1-18.sty
Package: pgfcomp-version-1-18 2021/05/15 v3.1.9a (3.1.9a)
)) (C:\Users\johnm\AppData\Local\Programs\MiKTeX\tex/latex/pgf/utilities\pgffor.sty (C:\Users\johnm\AppData\Local\Programs\MiKTeX\tex/latex/pgf/utilities\pgfkeys.sty (C:\Users\johnm\AppData\Local\Programs\MiKTeX\tex/generic/pgf/utilities\pgfkeys.code.tex)) (C:\Users\johnm\AppData\Local\Programs\MiKTeX\tex/latex/pgf/math\pgfmath.sty (C:\Users\johnm\AppData\Local\Programs\MiKTeX\tex/generic/pgf/math\pgfmath.code.tex)) (C:\Users\johnm\AppData\Local\Programs\MiKTeX\tex/generic/pgf/utilities\pgffor.code.tex
Package: pgffor 2021/05/15 v3.1.9a (3.1.9a)
 (C:\Users\johnm\AppData\Local\Programs\MiKTeX\tex/generic/pgf/math\pgfmath.code.tex)
\pgffor@iter=\dimen269
\pgffor@skip=\dimen270
\pgffor@stack=\toks37
\pgffor@toks=\toks38
)) (C:\Users\johnm\AppData\Local\Programs\MiKTeX\tex/generic/pgf/frontendlayer/tikz\tikz.code.tex
Package: tikz 2021/05/15 v3.1.9a (3.1.9a)
 (C:\Users\johnm\AppData\Local\Programs\MiKTeX\tex/generic/pgf/libraries\pgflibraryplothandlers.code.tex
File: pgflibraryplothandlers.code.tex 2021/05/15 v3.1.9a (3.1.9a)
\pgf@plot@mark@count=\count291
\pgfplotmarksize=\dimen271
)
\tikz@lastx=\dimen272
\tikz@lasty=\dimen273
\tikz@lastxsaved=\dimen274
\tikz@lastysaved=\dimen275
\tikz@lastmovetox=\dimen276
\tikz@lastmovetoy=\dimen277
\tikzleveldistance=\dimen278
\tikzsiblingdistance=\dimen279
\tikz@figbox=\box62
\tikz@figbox@bg=\box63
\tikz@tempbox=\box64
\tikz@tempbox@bg=\box65
\tikztreelevel=\count292
\tikznumberofchildren=\count293
\tikznumberofcurrentchild=\count294
\tikz@fig@count=\count295
 (C:\Users\johnm\AppData\Local\Programs\MiKTeX\tex/generic/pgf/modules\pgfmodulematrix.code.tex
File: pgfmodulematrix.code.tex 2021/05/15 v3.1.9a (3.1.9a)
\pgfmatrixcurrentrow=\count296
\pgfmatrixcurrentcolumn=\count297
\pgf@matrix@numberofcolumns=\count298
)
\tikz@expandcount=\count299
 (C:\Users\johnm\AppData\Local\Programs\MiKTeX\tex/generic/pgf/frontendlayer/tikz/libraries\tikzlibrarytopaths.code.tex
File: tikzlibrarytopaths.code.tex 2021/05/15 v3.1.9a (3.1.9a)
))) (C:\Users\johnm\AppData\Local\Programs\MiKTeX\tex/latex/tkz-euclide\tkz-euclide.sty
2022/02/25 4.051b tkz-euclide.sty
Package: tkz-euclide  2022/02/25 4.051b for pure Euclidean Geometry 
(C:\Users\johnm\AppData\Local\Programs\MiKTeX\tex/generic/pgf/frontendlayer/tikz/libraries\tikzlibraryangles.code.tex
File: tikzlibraryangles.code.tex 2021/05/15 v3.1.9a (3.1.9a)
) (C:\Users\johnm\AppData\Local\Programs\MiKTeX\tex/generic/pgf/frontendlayer/tikz/libraries\tikzlibraryarrows.code.tex
File: tikzlibraryarrows.code.tex 2021/05/15 v3.1.9a (3.1.9a)
 (C:\Users\johnm\AppData\Local\Programs\MiKTeX\tex/generic/pgf/libraries\pgflibraryarrows.code.tex
File: pgflibraryarrows.code.tex 2021/05/15 v3.1.9a (3.1.9a)
\arrowsize=\dimen280
)) (C:\Users\johnm\AppData\Local\Programs\MiKTeX\tex/generic/pgf/libraries\pgflibraryarrows.meta.code.tex
File: pgflibraryarrows.meta.code.tex 2021/05/15 v3.1.9a (3.1.9a)
\pgfarrowinset=\dimen281
\pgfarrowlength=\dimen282
\pgfarrowwidth=\dimen283
\pgfarrowlinewidth=\dimen284
) (C:\Users\johnm\AppData\Local\Programs\MiKTeX\tex/generic/pgf/frontendlayer/tikz/libraries\tikzlibrarycalc.code.tex
File: tikzlibrarycalc.code.tex 2021/05/15 v3.1.9a (3.1.9a)
) (C:\Users\johnm\AppData\Local\Programs\MiKTeX\tex/generic/pgf/frontendlayer/tikz/libraries\tikzlibrarydecorations.code.tex (C:\Users\johnm\AppData\Local\Programs\MiKTeX\tex/generic/pgf/modules\pgfmoduledecorations.code.tex
\pgfdecoratedcompleteddistance=\dimen285
\pgfdecoratedremainingdistance=\dimen286
\pgfdecoratedinputsegmentcompleteddistance=\dimen287
\pgfdecoratedinputsegmentremainingdistance=\dimen288
\pgf@decorate@distancetomove=\dimen289
\pgf@decorate@repeatstate=\count300
\pgfdecorationsegmentamplitude=\dimen290
\pgfdecorationsegmentlength=\dimen291
)
\tikz@lib@dec@box=\box66
) (C:\Users\johnm\AppData\Local\Programs\MiKTeX\tex/generic/pgf/frontendlayer/tikz/libraries\tikzlibrarydecorations.markings.code.tex (C:\Users\johnm\AppData\Local\Programs\MiKTeX\tex/generic/pgf/libraries/decorations\pgflibrarydecorations.markings.code.tex)) (C:\Users\johnm\AppData\Local\Programs\MiKTeX\tex/generic/pgf/frontendlayer/tikz/libraries\tikzlibrarydecorations.pathreplacing.code.tex (C:\Users\johnm\AppData\Local\Programs\MiKTeX\tex/generic/pgf/libraries/decorations\pgflibrarydecorations.pathreplacing.code.tex)) (C:\Users\johnm\AppData\Local\Programs\MiKTeX\tex/generic/pgf/frontendlayer/tikz/libraries\tikzlibrarydecorations.shapes.code.tex (C:\Users\johnm\AppData\Local\Programs\MiKTeX\tex/generic/pgf/libraries/decorations\pgflibrarydecorations.shapes.code.tex)) (C:\Users\johnm\AppData\Local\Programs\MiKTeX\tex/generic/pgf/frontendlayer/tikz/libraries\tikzlibrarydecorations.text.code.tex (C:\Users\johnm\AppData\Local\Programs\MiKTeX\tex/generic/pgf/libraries/decorations\pgflibrarydecorations.text.code.tex
\pgf@lib@dec@text@box=\box67
)
\tikz@lib@dec@te@box=\box68
) (C:\Users\johnm\AppData\Local\Programs\MiKTeX\tex/generic/pgf/frontendlayer/tikz/libraries\tikzlibrarydecorations.pathmorphing.code.tex (C:\Users\johnm\AppData\Local\Programs\MiKTeX\tex/generic/pgf/libraries/decorations\pgflibrarydecorations.pathmorphing.code.tex)) (C:\Users\johnm\AppData\Local\Programs\MiKTeX\tex/generic/pgf/frontendlayer/tikz/libraries\tikzlibraryintersections.code.tex (C:\Users\johnm\AppData\Local\Programs\MiKTeX\tex/generic/pgf/libraries\pgflibraryintersections.code.tex (C:\Users\johnm\AppData\Local\Programs\MiKTeX\tex/generic/pgf/libraries\pgflibraryfpu.code.tex)
\pgf@intersect@solutions=\count301
)) (C:\Users\johnm\AppData\Local\Programs\MiKTeX\tex/generic/pgf/frontendlayer/tikz/libraries\tikzlibraryplotmarks.code.tex
File: tikzlibraryplotmarks.code.tex 2021/05/15 v3.1.9a (3.1.9a)
 (C:\Users\johnm\AppData\Local\Programs\MiKTeX\tex/generic/pgf/libraries\pgflibraryplotmarks.code.tex
File: pgflibraryplotmarks.code.tex 2021/05/15 v3.1.9a (3.1.9a)
)) (C:\Users\johnm\AppData\Local\Programs\MiKTeX\tex/generic/pgf/frontendlayer/tikz/libraries\tikzlibraryquotes.code.tex
File: tikzlibraryquotes.code.tex 2021/05/15 v3.1.9a (3.1.9a)
) (C:\Users\johnm\AppData\Local\Programs\MiKTeX\tex/generic/pgf/frontendlayer/tikz/libraries\tikzlibraryshapes.misc.code.tex
File: tikzlibraryshapes.misc.code.tex 2021/05/15 v3.1.9a (3.1.9a)
 (C:\Users\johnm\AppData\Local\Programs\MiKTeX\tex/generic/pgf/libraries/shapes\pgflibraryshapes.misc.code.tex
File: pgflibraryshapes.misc.code.tex 2021/05/15 v3.1.9a (3.1.9a)
)) (C:\Users\johnm\AppData\Local\Programs\MiKTeX\tex/latex/l3packages/xfp\xfp.sty (C:\Users\johnm\AppData\Local\Programs\MiKTeX\tex/latex/l3kernel\expl3.sty
Package: expl3 2022-02-24 L3 programming layer (loader) 
 (C:\Users\johnm\AppData\Local\Programs\MiKTeX\tex/latex/l3backend\l3backend-pdftex.def
File: l3backend-pdftex.def 2022-02-07 L3 backend support: PDF output (pdfTeX)
\l__color_backend_stack_int=\count302
\l__pdf_internal_box=\box69
))
Package: xfp 2022-01-12 L3 Floating point unit
)
\tkzRadius=\dimen292
\tkzLength=\dimen293
\tkz@radi=\dimen294
\tkz@ax=\dimen295
\tkz@ay=\dimen296
\tkz@bx=\dimen297
\tkz@by=\dimen298
\tkz@cx=\dimen299
\tkz@cy=\dimen300
\tkz@dx=\dimen301
\tkz@dy=\dimen302
\tkz@cntmk=\count303

Local configuration file tkz-euclide.cfg found and used
(C:\Users\johnm\AppData\Local\Programs\MiKTeX\tex/latex/tkz-euclide\tkz-euclide.cfg
2022/02/25 4.051b tkz-euclide.cfg
) (C:\Users\johnm\AppData\Local\Programs\MiKTeX\tex/latex/tkz-euclide\tkz-tools-eu-base.tex
2022/02/25 4.051b tkz-tools-eu-base.tex
) (C:\Users\johnm\AppData\Local\Programs\MiKTeX\tex/latex/tkz-euclide\tkz-tools-eu-utilities.tex
2022/02/25 4.051b tkz-tools-eu-utilities.tex
) (C:\Users\johnm\AppData\Local\Programs\MiKTeX\tex/latex/tkz-euclide\tkz-tools-eu-BB.tex
2022/02/25 4.051b tkz-obj-eu-BB.tex
) (C:\Users\johnm\AppData\Local\Programs\MiKTeX\tex/latex/tkz-euclide\tkz-obj-eu-grids.tex
2022/02/25 4.051b tkz-obj-eu-grids.tex
) (C:\Users\johnm\AppData\Local\Programs\MiKTeX\tex/latex/tkz-euclide\tkz-lib-eu-marks.tex
2022/02/25 4.051b tkz-lib-eu-marks.tex
) (C:\Users\johnm\AppData\Local\Programs\MiKTeX\tex/latex/tkz-euclide\tkz-tools-eu-text.tex
2022/02/25 4.051b tkz-tools-eu-text.tex
) (C:\Users\johnm\AppData\Local\Programs\MiKTeX\tex/latex/tkz-euclide\tkz-lib-eu-shape.tex
2022/02/25 4.051b tkz-lib-eu-shape.tex
) (C:\Users\johnm\AppData\Local\Programs\MiKTeX\tex/latex/tkz-euclide\tkz-obj-eu-axesmin.tex
2022/02/25 4.051b tkz-obj-eu-axesmin
) (C:\Users\johnm\AppData\Local\Programs\MiKTeX\tex/latex/tkz-euclide\tkz-tools-eu-colors.tex
2022/02/25 4.051b tkz-tools-eu-colors
) (C:\Users\johnm\AppData\Local\Programs\MiKTeX\tex/latex/tkz-euclide\tkz-obj-eu-points.tex
2022/02/25 4.051b tkz-obj-eu-points.tex
) (C:\Users\johnm\AppData\Local\Programs\MiKTeX\tex/latex/tkz-euclide\tkz-tools-eu-math.tex
2022/02/25 4.051b tkz-tools-eu-math.tex
) (C:\Users\johnm\AppData\Local\Programs\MiKTeX\tex/latex/tkz-euclide\tkz-tools-eu-intersections.tex
2022/01/22 4.04 tkz-tools-intersections.tex
) (C:\Users\johnm\AppData\Local\Programs\MiKTeX\tex/latex/tkz-euclide\tkz-tools-eu-angles.tex
2022/02/25 4.051b tkz-tools-angles.tex
) (C:\Users\johnm\AppData\Local\Programs\MiKTeX\tex/latex/tkz-euclide\tkz-obj-eu-compass.tex
2022/02/25 4.051b tkz-obj-eu-compass.tex
) (C:\Users\johnm\AppData\Local\Programs\MiKTeX\tex/latex/tkz-euclide\tkz-obj-eu-circles.tex
2022/02/25 4.051b tkz-obj-eu-circles.tex
) (C:\Users\johnm\AppData\Local\Programs\MiKTeX\tex/latex/tkz-euclide\tkz-obj-eu-circles-by.tex
2022/02/25 4.051b tkz-obj-eu-circles.tex
) (C:\Users\johnm\AppData\Local\Programs\MiKTeX\tex/latex/tkz-euclide\tkz-obj-eu-draw-angles.tex
2022/02/25 4.051b tkz-tool-eu-angles.tex
\tkz@arcsize=\dimen303
\tkz@fillsize=\dimen304
) (C:\Users\johnm\AppData\Local\Programs\MiKTeX\tex/latex/tkz-euclide\tkz-obj-eu-draw-circles.tex
2022/02/25 4.051b tkz-obj-eu-draw-circles.tex
) (C:\Users\johnm\AppData\Local\Programs\MiKTeX\tex/latex/tkz-euclide\tkz-obj-eu-draw-lines.tex
2022/02/25 4.051b tkz-obj-eu-draw-lines.tex
) (C:\Users\johnm\AppData\Local\Programs\MiKTeX\tex/latex/tkz-euclide\tkz-obj-eu-draw-polygons.tex
2022/02/25 4.051b tkz-obj-eu-polygons.tex
) (C:\Users\johnm\AppData\Local\Programs\MiKTeX\tex/latex/tkz-euclide\tkz-obj-eu-draw-triangles.tex
2022/02/25 4.051b tkz-obj-eu-draw-triangles.tex
) (C:\Users\johnm\AppData\Local\Programs\MiKTeX\tex/latex/tkz-euclide\tkz-obj-eu-lines.tex
2022/02/25 4.051b tkz-obj-eu-lines.tex
) (C:\Users\johnm\AppData\Local\Programs\MiKTeX\tex/latex/tkz-euclide\tkz-obj-eu-points-by.tex
2022/02/25 4.051b tkz-tools-el-points-by.tex
) (C:\Users\johnm\AppData\Local\Programs\MiKTeX\tex/latex/tkz-euclide\tkz-obj-eu-points-rnd.tex
2022/02/25 4.051b tkz-obj-el-points-rnd.tex
) (C:\Users\johnm\AppData\Local\Programs\MiKTeX\tex/latex/tkz-euclide\tkz-obj-eu-points-spc.tex
2022/02/25 4.051b tkz-obj-el-points.tex
) (C:\Users\johnm\AppData\Local\Programs\MiKTeX\tex/latex/tkz-euclide\tkz-obj-eu-points-with.tex
2022/02/25 4.051b tkz-obj-el-points-with.tex
) (C:\Users\johnm\AppData\Local\Programs\MiKTeX\tex/latex/tkz-euclide\tkz-obj-eu-polygons.tex
2022/02/25 4.051b tkz-obj-eu-polygons.tex
) (C:\Users\johnm\AppData\Local\Programs\MiKTeX\tex/latex/tkz-euclide\tkz-obj-eu-protractor.tex
2022/02/25 4.051b tkz-obj-eu-protractor.tex
) (C:\Users\johnm\AppData\Local\Programs\MiKTeX\tex/latex/tkz-euclide\tkz-obj-eu-sectors.tex
2022/02/25 4.051b tkz-obj-eu-sectors.tex
) (C:\Users\johnm\AppData\Local\Programs\MiKTeX\tex/latex/tkz-euclide\tkz-obj-eu-show.tex
2022/02/25 4.051b tkz-obj-eu-show.tex
) (C:\Users\johnm\AppData\Local\Programs\MiKTeX\tex/latex/tkz-euclide\tkz-obj-eu-triangles.tex
2022/02/25 4.051b tkz-obj-eu-triangles.tex
)) (C:\Users\johnm\AppData\Local\Programs\MiKTeX\tex/latex/circuitikz\circuitikz.sty
Package: circuitikz 2022/02/04{} The CircuiTikz circuit drawing package version 1.4.6
 (C:\Users\johnm\AppData\Local\Programs\MiKTeX\tex/generic/pgf/frontendlayer/tikz/libraries\tikzlibrarybending.code.tex
File: tikzlibrarybending.code.tex 2021/05/15 v3.1.9a (3.1.9a)
 (C:\Users\johnm\AppData\Local\Programs\MiKTeX\tex/generic/pgf/modules\pgfmodulebending.code.tex
File: pgfmodulebending.code.tex 2021/05/15 v3.1.9a (3.1.9a)
 (C:\Users\johnm\AppData\Local\Programs\MiKTeX\tex/generic/pgf/modules\pgfmodulenonlineartransformations.code.tex
File: pgfmodulenonlineartransformations.code.tex 2021/05/15 v3.1.9a (3.1.9a)
\pgftransformnonlinearflatness=\dimen305
) (C:\Users\johnm\AppData\Local\Programs\MiKTeX\tex/generic/pgf/libraries\pgflibrarycurvilinear.code.tex
File: pgflibrarycurvilinear.code.tex 2021/05/15 v3.1.9a (3.1.9a)
\pgf@curvilinear@time@a=\dimen306
\pgf@curvilinear@length@a=\dimen307
\pgf@curvilinear@length@b=\dimen308
\pgf@curvilinear@length@c=\dimen309
\pgf@curvilinear@length@d=\dimen310
)
\pgf@arrows@the@rigidity=\dimen311
)) (C:\Users\johnm\AppData\Local\Programs\MiKTeX\tex/generic/pgf/frontendlayer/tikz/libraries\tikzlibraryfpu.code.tex) (C:\Users\johnm\AppData\Local\Programs\MiKTeX\tex/generic/circuitikz\pgfcirc.defines.tex
\pgf@circ@count@a=\count304
\pgf@circ@count@b=\count305
\pgf@circ@count@c=\count306
\pgf@circ@res@up=\dimen312
\pgf@circ@res@down=\dimen313
\pgf@circ@res@zero=\dimen314
\pgf@circ@res@left=\dimen315
\pgf@circ@res@right=\dimen316
\pgf@circ@res@other=\dimen317
\pgf@circ@res@step=\dimen318
\pgf@circ@res@temp=\dimen319
\pgf@circ@Rlen=\dimen320
\pgf@circ@scaled@Rlen=\dimen321
\pgfstartlinewidth=\dimen322
) (C:\Users\johnm\AppData\Local\Programs\MiKTeX\tex/generic/circuitikz\pgfcircutils.tex
\ctikz@scratchbox=\box70
) (C:\Users\johnm\AppData\Local\Programs\MiKTeX\tex/generic/circuitikz\pgfcircpath.tex) (C:\Users\johnm\AppData\Local\Programs\MiKTeX\tex/generic/circuitikz\pgfcircshapes.tex) (C:\Users\johnm\AppData\Local\Programs\MiKTeX\tex/generic/circuitikz\pgfcircmonopoles.tex) (C:\Users\johnm\AppData\Local\Programs\MiKTeX\tex/generic/circuitikz\pgfcircbipoles.tex) (C:\Users\johnm\AppData\Local\Programs\MiKTeX\tex/generic/circuitikz\pgfcirctripoles.tex
\pgf@circ@res@count=\count307
) (C:\Users\johnm\AppData\Local\Programs\MiKTeX\tex/generic/circuitikz\pgfcircquadpoles.tex) (C:\Users\johnm\AppData\Local\Programs\MiKTeX\tex/generic/circuitikz\pgfcircmultipoles.tex) (C:\Users\johnm\AppData\Local\Programs\MiKTeX\tex/generic/circuitikz\pgfcirclabel.tex) (C:\Users\johnm\AppData\Local\Programs\MiKTeX\tex/generic/circuitikz\pgfcircvoltage.tex
\pgfcirc@labelshift=\dimen323
) (C:\Users\johnm\AppData\Local\Programs\MiKTeX\tex/generic/circuitikz\pgfcirccurrent.tex) (C:\Users\johnm\AppData\Local\Programs\MiKTeX\tex/generic/circuitikz\pgfcircflow.tex)) (C:\Users\johnm\AppData\Local\Programs\MiKTeX\tex/latex/siunitx\siunitx.sty
Package: siunitx 2022-02-15 v3.0.49 A comprehensive (SI) units package
\l__siunitx_angle_tmp_dim=\dimen324
\l__siunitx_angle_marker_box=\box71
\l__siunitx_angle_unit_box=\box72
\l__siunitx_compound_count_int=\count308
 (C:\Users\johnm\AppData\Local\Programs\MiKTeX\tex/latex/translations\translations.sty
Package: translations 2022/02/05 v1.12 internationalization of LaTeX2e packages (CN)
 (C:\Users\johnm\AppData\Local\Programs\MiKTeX\tex/latex/etoolbox\etoolbox.sty
Package: etoolbox 2020/10/05 v2.5k e-TeX tools for LaTeX (JAW)
\etb@tempcnta=\count309
) (C:\Users\johnm\AppData\Local\Programs\MiKTeX\tex/generic/pdftexcmds\pdftexcmds.sty
Package: pdftexcmds 2020-06-27 v0.33 Utility functions of pdfTeX for LuaTeX (HO)
 (C:\Users\johnm\AppData\Local\Programs\MiKTeX\tex/generic/infwarerr\infwarerr.sty
Package: infwarerr 2019/12/03 v1.5 Providing info/warning/error messages (HO)
) (C:\Users\johnm\AppData\Local\Programs\MiKTeX\tex/generic/ltxcmds\ltxcmds.sty
Package: ltxcmds 2020-05-10 v1.25 LaTeX kernel commands for general use (HO)
)
Package pdftexcmds Info: \pdf@primitive is available.
Package pdftexcmds Info: \pdf@ifprimitive is available.
Package pdftexcmds Info: \pdfdraftmode found.
))
\l__siunitx_number_exponent_fixed_int=\count310
\l__siunitx_number_min_decimal_int=\count311
\l__siunitx_number_min_integer_int=\count312
\l__siunitx_number_round_precision_int=\count313
\l__siunitx_number_group_minimum_int=\count314
\l__siunitx_table_tmp_box=\box73
\l__siunitx_table_tmp_dim=\dimen325
\l__siunitx_table_column_width_dim=\dimen326
\l__siunitx_table_integer_box=\box74
\l__siunitx_table_decimal_box=\box75
\l__siunitx_table_before_box=\box76
\l__siunitx_table_after_box=\box77
\l__siunitx_table_before_dim=\dimen327
\l__siunitx_table_carry_dim=\dimen328
\l__siunitx_unit_tmp_int=\count315
\l__siunitx_unit_position_int=\count316
\l__siunitx_unit_total_int=\count317
 (C:\Users\johnm\AppData\Local\Programs\MiKTeX\tex/latex/l3packages/l3keys2e\l3keys2e.sty
Package: l3keys2e 2022-01-12 LaTeX2e option processing using LaTeX3 keys
) (C:\Users\johnm\AppData\Local\Programs\MiKTeX\tex/latex/tools\array.sty
Package: array 2021/10/04 v2.5f Tabular extension package (FMi)
\col@sep=\dimen329
\ar@mcellbox=\box78
\extrarowheight=\dimen330
\NC@list=\toks39
\extratabsurround=\skip54
\backup@length=\skip55
\ar@cellbox=\box79
)) (C:\Users\johnm\AppData\Local\Programs\MiKTeX\tex/latex/tools\multicol.sty
Package: multicol 2021/10/28 v1.9b multicolumn formatting (FMi)
\c@tracingmulticols=\count318
\mult@box=\box80
\multicol@leftmargin=\dimen331
\c@unbalance=\count319
\c@collectmore=\count320
\doublecol@number=\count321
\multicoltolerance=\count322
\multicolpretolerance=\count323
\full@width=\dimen332
\page@free=\dimen333
\premulticols=\dimen334
\postmulticols=\dimen335
\multicolsep=\skip56
\multicolbaselineskip=\skip57
\partial@page=\box81
\last@line=\box82
\maxbalancingoverflow=\dimen336
\mult@rightbox=\box83
\mult@grightbox=\box84
\mult@firstbox=\box85
\mult@gfirstbox=\box86
\@tempa=\box87
\@tempa=\box88
\@tempa=\box89
\@tempa=\box90
\@tempa=\box91
\@tempa=\box92
\@tempa=\box93
\@tempa=\box94
\@tempa=\box95
\@tempa=\box96
\@tempa=\box97
\@tempa=\box98
\@tempa=\box99
\@tempa=\box100
\@tempa=\box101
\@tempa=\box102
\@tempa=\box103
\@tempa=\box104
\@tempa=\box105
\@tempa=\box106
\@tempa=\box107
\@tempa=\box108
\@tempa=\box109
\@tempa=\box110
\@tempa=\box111
\@tempa=\box112
\@tempa=\box113
\@tempa=\box114
\@tempa=\box115
\@tempa=\box116
\@tempa=\box117
\@tempa=\box118
\@tempa=\box119
\@tempa=\box120
\@tempa=\box121
\@tempa=\box122
\c@minrows=\count324
\c@columnbadness=\count325
\c@finalcolumnbadness=\count326
\last@try=\dimen337
\multicolovershoot=\dimen338
\multicolundershoot=\dimen339
\mult@nat@firstbox=\box123
\colbreak@box=\box124
\mc@col@check@num=\count327
) (C:\Users\johnm\AppData\Local\Programs\MiKTeX\tex/latex/base\fontenc.sty
Package: fontenc 2021/04/29 v2.0v Standard LaTeX package
LaTeX Font Info:    Trying to load font information for T1+txtt on input line 112.
 (C:\Users\johnm\AppData\Local\Programs\MiKTeX\tex/latex/txfonts\t1txtt.fd
File: t1txtt.fd 2000/12/15 v3.1
)) (C:\Users\johnm\AppData\Local\Programs\MiKTeX\tex/latex/everysel\everysel.sty
Package: everysel 2021/01/20 v2.1 EverySelectfont Package (MS)
) (article.aux)
\openout1 = `article.aux'.

LaTeX Font Info:    Checking defaults for OML/cmm/m/it on input line 53.
LaTeX Font Info:    ... okay on input line 53.
LaTeX Font Info:    Checking defaults for OMS/cmsy/m/n on input line 53.
LaTeX Font Info:    ... okay on input line 53.
LaTeX Font Info:    Checking defaults for OT1/cmr/m/n on input line 53.
LaTeX Font Info:    ... okay on input line 53.
LaTeX Font Info:    Checking defaults for T1/cmr/m/n on input line 53.
LaTeX Font Info:    ... okay on input line 53.
LaTeX Font Info:    Checking defaults for TS1/cmr/m/n on input line 53.
LaTeX Font Info:    ... okay on input line 53.
LaTeX Font Info:    Checking defaults for OMX/cmex/m/n on input line 53.
LaTeX Font Info:    ... okay on input line 53.
LaTeX Font Info:    Checking defaults for U/cmr/m/n on input line 53.
LaTeX Font Info:    ... okay on input line 53.

*geometry* driver: auto-detecting
*geometry* detected driver: pdftex
*geometry* verbose mode - [ preamble ] result:
* driver: pdftex
* paper: a4paper
* layout: <same size as paper>
* layoutoffset:(h,v)=(0.0pt,0.0pt)
* modes: 
* h-part:(L,W,R)=(42.67912pt, 512.14963pt, 42.67912pt)
* v-part:(T,H,B)=(42.67912pt, 751.15268pt, 51.21504pt)
* \paperwidth=597.50787pt
* \paperheight=845.04684pt
* \textwidth=512.14963pt
* \textheight=751.15268pt
* \oddsidemargin=-29.59087pt
* \evensidemargin=-29.59087pt
* \topmargin=-66.59087pt
* \headheight=12.0pt
* \headsep=25.0pt
* \topskip=12.0pt
* \footskip=30.0pt
* \marginparwidth=35.0pt
* \marginparsep=10.0pt
* \columnsep=30.0pt
* \skip\footins=10.8pt plus 4.0pt minus 2.0pt
* \hoffset=0.0pt
* \voffset=0.0pt
* \mag=1000
* \@twocolumnfalse
* \@twosidefalse
* \@mparswitchfalse
* \@reversemarginfalse
* (1in=72.27pt=25.4mm, 1cm=28.453pt)

(C:\Users\johnm\AppData\Local\Programs\MiKTeX\tex/context/base/mkii\supp-pdf.mkii
[Loading MPS to PDF converter (version 2006.09.02).]
\scratchcounter=\count328
\scratchdimen=\dimen340
\scratchbox=\box125
\nofMPsegments=\count329
\nofMParguments=\count330
\everyMPshowfont=\toks40
\MPscratchCnt=\count331
\MPscratchDim=\dimen341
\MPnumerator=\count332
\makeMPintoPDFobject=\count333
\everyMPtoPDFconversion=\toks41
) (C:\Users\johnm\AppData\Local\Programs\MiKTeX\tex/latex/epstopdf-pkg\epstopdf-base.sty
Package: epstopdf-base 2020-01-24 v2.11 Base part for package epstopdf
Package epstopdf-base Info: Redefining graphics rule for `.eps' on input line 485.
 (C:\Users\johnm\AppData\Local\Programs\MiKTeX\tex/latex/00miktex\epstopdf-sys.cfg
File: epstopdf-sys.cfg 2021/03/18 v2.0 Configuration of epstopdf for MiKTeX
))
Package caption Info: Begin \AtBeginDocument code.
Package caption Info: End \AtBeginDocument code.
Package translations Info: no dictionary file `translations-basic-dictionary-portuges.trsl' found. on input line 53.
LaTeX Font Info:    Font shape `T1/txtt/b/n' in size <17.28> not available
(Font)              Font shape `T1/txtt/bx/n' tried instead on input line 61.
LaTeX Font Info:    Font shape `T1/txtt/b/n' in size <10> not available
(Font)              Font shape `T1/txtt/bx/n' tried instead on input line 121.
 [1

{C:/Users/johnm/AppData/Local/MiKTeX/fonts/map/pdftex/pdftex.map}]
LaTeX Font Info:    Font shape `T1/txtt/b/n' in size <12> not available
(Font)              Font shape `T1/txtt/bx/n' tried instead on input line 183.
 [2] (article.aux) ) 
Here is how much of TeX's memory you used:
 39050 strings out of 478582
 996543 string characters out of 2844344
 1479529 words of memory out of 3000000
 56701 multiletter control sequences out of 15000+600000
 474962 words of font info for 47 fonts, out of 8000000 for 9000
 1141 hyphenation exceptions out of 8191
 84i,9n,89p,495b,1412s stack positions out of 10000i,1000n,20000p,200000b,80000s
<C:/Users/johnm/AppData/Local/Programs/MiKTeX/fonts/type1/public/amsfonts/cm/cmex10.pfb><C:/Users/johnm/AppData/Local/Programs/MiKTeX/fonts/type1/public/amsfonts/cm/cmmi12.pfb><C:/Users/johnm/AppData/Local/Programs/MiKTeX/fonts/type1/public/amsfonts/cm/cmmi8.pfb><C:/Users/johnm/AppData/Local/Programs/MiKTeX/fonts/type1/public/amsfonts/cm/cmr12.pfb><C:/Users/johnm/AppData/Local/Programs/MiKTeX/fonts/type1/public/amsfonts/cm/cmr8.pfb><C:/Users/johnm/AppData/Local/Programs/MiKTeX/fonts/type1/public/amsfonts/cm/cmsy10.pfb><C:/Users/johnm/AppData/Local/Programs/MiKTeX/fonts/type1/public/txfonts/t1xbtt.pfb><C:/Users/johnm/AppData/Local/Programs/MiKTeX/fonts/type1/public/txfonts/t1xtt.pfb>
Output written on article.pdf (2 pages, 86924 bytes).
PDF statistics:
 52 PDF objects out of 1000 (max. 8388607)
 0 named destinations out of 1000 (max. 500000)
 13 words of extra memory for PDF output out of 10000 (max. 10000000)

